<?xml version="1.0" encoding="UTF-8" ?>
<testsuite tests="2" failures="0" name="TestSuite" time="38.367" errors="0" skipped="0">
  <properties>
    <property name="PROCESSOR_ARCHITECTURE" value="x86"/>
    <property name="file.encoding.pkg" value="sun.io"/>
    <property name="LOGONSERVER" value="\\SKY-20190907NGG"/>
    <property name="ProgramData" value="C:\ProgramData"/>
    <property name="java.home" value="E:\JDK1.8\jre"/>
    <property name="TITLE" value="Tomcat"/>
    <property name="NODE_NAME" value="master"/>
    <property name="JENKINS_URL" value="http://localhost:8080/jenkins/"/>
    <property name="CATALINA_HOME" value="D:\apache-tomcat-7.0.56"/>
    <property name="ALLUSERSPROFILE" value="C:\ProgramData"/>
    <property name="java.endorsed.dirs" value="E:\JDK1.8\jre\lib\endorsed"/>
    <property name="PSModulePath" value="C:\Program Files\WindowsPowerShell\Modules;C:\Windows\system32\WindowsPowerShell\v1.0\Modules"/>
    <property name="=::" value="::\"/>
    <property name="USERDOMAIN" value="SKY-20190907NGG"/>
    <property name="sun.os.patch.level" value=""/>
    <property name="java.vendor.url" value="http://java.oracle.com/"/>
    <property name="JAVA_OPTS" value=" -Djava.util.logging.config.file=&quot;D:\apache-tomcat-7.0.56\conf\logging.properties&quot; -Djava.util.logging.manager=org.apache.juli.ClassLoaderLogManager"/>
    <property name="CommonProgramFiles(x86)" value="C:\Program Files (x86)\Common Files"/>
    <property name="java.version" value="1.8.0_121"/>
    <property name="JOB_NAME" value="mavenDemo1"/>
    <property name="COMPUTERNAME" value="SKY-20190907NGG"/>
    <property name="EXECUTABLE" value="D:\apache-tomcat-7.0.56\bin\catalina.bat"/>
    <property name="ANDROID_HOME" value="D:\Android\android-sdk"/>
    <property name="java.vendor.url.bug" value="http://bugreport.sun.com/bugreport/"/>
    <property name="PUBLIC" value="C:\Users\Public"/>
    <property name="user.name" value="Administrator"/>
    <property name="sun.io.unicode.encoding" value="UnicodeLittle"/>
    <property name="sun.jnu.encoding" value="GBK"/>
    <property name="java.runtime.name" value="Java(TM) SE Runtime Environment"/>
    <property name="windir" value="C:\Windows"/>
    <property name="PROCESSOR_IDENTIFIER" value="Intel64 Family 6 Model 44 Stepping 2, GenuineIntel"/>
    <property name="java.specification.name" value="Java Platform API Specification"/>
    <property name="LOCALAPPDATA" value="C:\Users\Administrator\AppData\Local"/>
    <property name="RUN_CHANGES_DISPLAY_URL" value="http://localhost:8080/jenkins/job/mavenDemo1/37/display/redirect?page=changes"/>
    <property name="user.timezone" value="Asia/Shanghai"/>
    <property name="PROCESSOR_ARCHITEW6432" value="AMD64"/>
    <property name="user.script" value=""/>
    <property name="path.separator" value=";"/>
    <property name="NUMBER_OF_PROCESSORS" value="12"/>
    <property name="BUILD_TAG" value="jenkins-mavenDemo1-37"/>
    <property name="file.encoding" value="GBK"/>
    <property name="sun.java.command" value="jenkins.maven3.agent.Maven35Main C:\Users\Administrator\.jenkins\tools\hudson.tasks.Maven_MavenInstallation\maven3.8 D:\apache-tomcat-7.0.56\webapps\jenkins\WEB-INF\lib\remoting-4.6.jar C:\Users\Administrator\.jenkins\plugins\maven-plugin\WEB-INF\lib\maven35-interceptor-1.13.jar C:\Users\Administrator\.jenkins\plugins\maven-plugin\WEB-INF\lib\maven3-interceptor-commons-1.13.jar 51498"/>
    <property name="HUDSON_URL" value="http://localhost:8080/jenkins/"/>
    <property name="JENKINS_SERVER_COOKIE" value="7b5ffbb0375cb336"/>
    <property name="=D:" value="D:\apache-tomcat-7.0.56\bin"/>
    <property name="EXECUTOR_NUMBER" value="0"/>
    <property name="Path" value="C:\ProgramData\Oracle\Java\javapath;E:\Perl\site\bin;E:\Perl\bin;C:\Program Files (x86)\Common Files\Oracle\Java\javapath;D:\Python36\Scripts\;D:\Python36\;&quot;C:\Program Files (x86)\Common Files\Oracle\Java\javapath;E:\JDK1.8\bin&quot;;C:\Windows\system32;C:\Windows;C:\Windows\System32\Wbem;C:\Windows\System32\WindowsPowerShell\v1.0\;C:\Windows\System32\OpenSSH\;C:\Program Files (x86)\NVIDIA Corporation\PhysX\Common;C:\Program Files\NVIDIA Corporation\NVIDIA NvDLISR;E:\JDK1.8\bin;E:\JDK1.8\jre\bin;C:\Program Files\MySQL\MySQL Server 5.7\bin;C:\Program Files (x86)\MySQL\MySQL Utilities 1.6\;D:\sqlserver2008\100\Tools\Binn\;D:\sqlserver2008\100\DTS\Binn\;D:\sqlserver2008\100\Tools\Binn\VSShell\Common7\IDE\;D:\nodejs\;D:\Android\android-sdk\platform-tools;D:\Git\cmd;D:\Git\bin;e:\anaconda3;e:\anaconda3\Library\mingw-w64\bin;e:\anaconda3\Library\usr\bin;e:\anaconda3\Library\bin;e:\anaconda3\Scripts;C:\Users\Administrator\AppData\Local\Microsoft\WindowsApps;C:\Users\Administrator\AppData\Local\Programs\Fiddler;C:\Users\Administrator\AppData\Roaming\npm;d:\IntelliJ IDEA 2021.1\bin;;D:\Git\bin;"/>
    <property name="GIT_COMMIT" value="f9cfcaf93163d5ed5da15adc7e5b457e2494d286"/>
    <property name="java.io.tmpdir" value="C:\Users\ADMINI~1\AppData\Local\Temp\"/>
    <property name="APPDATA" value="C:\Users\Administrator\AppData\Roaming"/>
    <property name="user.language" value="zh"/>
    <property name="CATALINA_TMPDIR" value="D:\apache-tomcat-7.0.56\temp"/>
    <property name="line.separator" value="
"/>
    <property name="BUILD_URL" value="http://localhost:8080/jenkins/job/mavenDemo1/37/"/>
    <property name="JAVA_ENDORSED_DIRS" value="D:\apache-tomcat-7.0.56\endorsed"/>
    <property name="ACTION" value="start"/>
    <property name="M2_HOME" value="C:\Users\Administrator\.jenkins\tools\hudson.tasks.Maven_MavenInstallation\maven3.8"/>
    <property name="WORKON_HOME" value="d:\envs"/>
    <property name="java.vm.info" value="mixed mode"/>
    <property name="DriverData" value="C:\Windows\System32\Drivers\DriverData"/>
    <property name="sun.desktop" value="windows"/>
    <property name="java.vm.specification.name" value="Java Virtual Machine Specification"/>
    <property name="BUILD_DISPLAY_NAME" value="#37"/>
    <property name="OS" value="Windows_NT"/>
    <property name="guice.disable.misplaced.annotation.check" value="true"/>
    <property name="CATALINA_BASE" value="D:\apache-tomcat-7.0.56"/>
    <property name="HUDSON_SERVER_COOKIE" value="7b5ffbb0375cb336"/>
    <property name="JRE_HOME" value="E:\JDK1.8"/>
    <property name="_EXECJAVA" value="start &quot;Tomcat&quot; &quot;E:\JDK1.8\bin\java.exe&quot;"/>
    <property name="WORKSPACE_TMP" value="C:\Users\Administrator\.jenkins\workspace\mavenDemo1@tmp"/>
    <property name="_RUNJAVA" value="&quot;E:\JDK1.8\bin\java.exe&quot;"/>
    <property name="MAVEN_HOME" value="C:\Users\Administrator\.jenkins\tools\hudson.tasks.Maven_MavenInstallation\maven3.8"/>
    <property name="SESSIONNAME" value="Console"/>
    <property name="PATHEXT" value=".COM;.EXE;.BAT;.CMD;.VBS;.VBE;.JS;.JSE;.WSF;.WSH;.MSC;.PY;.PYW"/>
    <property name="java.awt.printerjob" value="sun.awt.windows.WPrinterJob"/>
    <property name="maven3.interceptor.common" value="C:\Users\Administrator\.jenkins\plugins\maven-plugin\WEB-INF\lib\maven3-interceptor-commons-1.13.jar"/>
    <property name="CLASSPATH" value=""/>
    <property name="LOGGING_CONFIG" value="-Djava.util.logging.config.file=&quot;D:\apache-tomcat-7.0.56\conf\logging.properties&quot;"/>
    <property name="HOMEPATH" value="\Users\Administrator"/>
    <property name="os.name" value="Windows 10"/>
    <property name="java.specification.vendor" value="Oracle Corporation"/>
    <property name="java.vm.name" value="Java HotSpot(TM) Client VM"/>
    <property name="BUILD_NUMBER" value="37"/>
    <property name="maven3.interceptor" value="C:\Users\Administrator\.jenkins\plugins\maven-plugin\WEB-INF\lib\maven35-interceptor-1.13.jar"/>
    <property name="java.library.path" value="E:\JDK1.8\bin;C:\Windows\Sun\Java\bin;C:\Windows\system32;C:\Windows;C:\Users\Administrator\.jenkins\tools\hudson.tasks.Maven_MavenInstallation\maven3.8/bin;C:\ProgramData\Oracle\Java\javapath;E:\Perl\site\bin;E:\Perl\bin;C:\Program Files (x86)\Common Files\Oracle\Java\javapath;D:\Python36\Scripts\;D:\Python36\;&quot;C:\Program Files (x86)\Common Files\Oracle\Java\javapath;E:\JDK1.8\bin&quot;;C:\Windows\system32;C:\Windows;C:\Windows\System32\Wbem;C:\Windows\System32\WindowsPowerShell\v1.0\;C:\Windows\System32\OpenSSH\;C:\Program Files (x86)\NVIDIA Corporation\PhysX\Common;C:\Program Files\NVIDIA Corporation\NVIDIA NvDLISR;E:\JDK1.8\bin;E:\JDK1.8\jre\bin;C:\Program Files\MySQL\MySQL Server 5.7\bin;C:\Program Files (x86)\MySQL\MySQL Utilities 1.6\;D:\sqlserver2008\100\Tools\Binn\;D:\sqlserver2008\100\DTS\Binn\;D:\sqlserver2008\100\Tools\Binn\VSShell\Common7\IDE\;D:\nodejs\;D:\Android\android-sdk\platform-tools;D:\Git\cmd;D:\Git\bin;e:\anaconda3;e:\anaconda3\Library\mingw-w64\bin;e:\anaconda3\Library\usr\bin;e:\anaconda3\Library\bin;e:\anaconda3\Scripts;C:\Users\Administrator\AppData\Local\Microsoft\WindowsApps;C:\Users\Administrator\AppData\Local\Programs\Fiddler;C:\Users\Administrator\AppData\Roaming\npm;d:\IntelliJ IDEA 2021.1\bin;;D:\Git\bin;;."/>
    <property name="HOMEDRIVE" value="C:"/>
    <property name="POM_GROUPID" value="org.example"/>
    <property name="POM_ARTIFACTID" value="Selenium2021_0428"/>
    <property name="java.class.version" value="52.0"/>
    <property name="LOGGING_MANAGER" value="-Djava.util.logging.manager=org.apache.juli.ClassLoaderLogManager"/>
    <property name="_RUNJDB" value="&quot;E:\JDK1.8\bin\jdb.exe&quot;"/>
    <property name="JOB_URL" value="http://localhost:8080/jenkins/job/mavenDemo1/"/>
    <property name="GIT_PREVIOUS_COMMIT" value="f9cfcaf93163d5ed5da15adc7e5b457e2494d286"/>
    <property name="OneDrive" value="C:\Users\Administrator\OneDrive"/>
    <property name="GIT_BRANCH" value="origin/master"/>
    <property name="RUN_DISPLAY_URL" value="http://localhost:8080/jenkins/job/mavenDemo1/37/display/redirect"/>
    <property name="MAINCLASS" value="org.apache.catalina.startup.Bootstrap"/>
    <property name="JENKINS_HOME" value="C:\Users\Administrator\.jenkins"/>
    <property name="BUILD_ID" value="37"/>
    <property name="TEMP" value="C:\Users\ADMINI~1\AppData\Local\Temp"/>
    <property name="sun.boot.library.path" value="E:\JDK1.8\jre\bin"/>
    <property name="sun.management.compiler" value="HotSpot Client Compiler"/>
    <property name="java.awt.graphicsenv" value="sun.awt.Win32GraphicsEnvironment"/>
    <property name="user.variant" value=""/>
    <property name="PROCESSOR_REVISION" value="2c02"/>
    <property name="POM_VERSION" value="1.0-SNAPSHOT"/>
    <property name="HUDSON_HOME" value="C:\Users\Administrator\.jenkins"/>
    <property name="GIT_PREVIOUS_SUCCESSFUL_COMMIT" value="f9cfcaf93163d5ed5da15adc7e5b457e2494d286"/>
    <property name="ProgramFiles(x86)" value="C:\Program Files (x86)"/>
    <property name="PATH+MAVEN" value="C:\Users\Administrator\.jenkins\tools\hudson.tasks.Maven_MavenInstallation\maven3.8/bin"/>
    <property name="IntelliJ IDEA" value="d:\IntelliJ IDEA 2021.1\bin;"/>
    <property name="USERDOMAIN_ROAMINGPROFILE" value="SKY-20190907NGG"/>
    <property name="RUN_ARTIFACTS_DISPLAY_URL" value="http://localhost:8080/jenkins/job/mavenDemo1/37/display/redirect?page=artifacts"/>
    <property name="PROMPT" value="$P$G"/>
    <property name="CURRENT_DIR" value="D:\apache-tomcat-7.0.56\bin"/>
    <property name="java.vm.specification.version" value="1.8"/>
    <property name="JAVA_HOME" value="E:\JDK1.8"/>
    <property name="awt.toolkit" value="sun.awt.windows.WToolkit"/>
    <property name="NODE_LABELS" value="master"/>
    <property name="sun.cpu.isalist" value="pentium_pro+mmx pentium_pro pentium+mmx pentium i486 i386 i86"/>
    <property name="USERPROFILE" value="C:\Users\Administrator"/>
    <property name="asl.log" value="Destination=file"/>
    <property name="JOB_DISPLAY_URL" value="http://localhost:8080/jenkins/job/mavenDemo1/display/redirect"/>
    <property name="java.ext.dirs" value="E:\JDK1.8\jre\lib\ext;C:\Windows\Sun\Java\lib\ext"/>
    <property name="os.version" value="10.0"/>
    <property name="user.home" value="C:\Users\Administrator"/>
    <property name="USERNAME" value="Administrator"/>
    <property name="java.vm.vendor" value="Oracle Corporation"/>
    <property name="PROCESSOR_LEVEL" value="6"/>
    <property name="CommonProgramW6432" value="C:\Program Files\Common Files"/>
    <property name="user.dir" value="E:\IdeaProjects\Selenium2021_0428"/>
    <property name="maven.conf" value="C:\Users\Administrator\.jenkins\tools\hudson.tasks.Maven_MavenInstallation\maven3.8\conf"/>
    <property name="ProgramW6432" value="C:\Program Files"/>
    <property name="TMP" value="C:\Users\ADMINI~1\AppData\Local\Temp"/>
    <property name="sun.cpu.endian" value="little"/>
    <property name="SystemDrive" value="C:"/>
    <property name="java.vm.version" value="25.121-b13"/>
    <property name="java.class.path" value="C:\Users\Administrator\.jenkins\plugins\maven-plugin\WEB-INF\lib\maven35-agent-1.13.jar;C:\Users\Administrator\.jenkins\tools\hudson.tasks.Maven_MavenInstallation\maven3.8\boot\plexus-classworlds-2.6.0.jar;C:\Users\Administrator\.jenkins\tools\hudson.tasks.Maven_MavenInstallation\maven3.8/conf/logging"/>
    <property name="org.slf4j.simpleLogger.defaultLogLevel" value="info"/>
    <property name="os.arch" value="x86"/>
    <property name="WORKSPACE" value="C:\Users\Administrator\.jenkins\workspace\mavenDemo1"/>
    <property name="ComSpec" value="C:\Windows\system32\cmd.exe"/>
    <property name="RUN_TESTS_DISPLAY_URL" value="http://localhost:8080/jenkins/job/mavenDemo1/37/display/redirect?page=tests"/>
    <property name="sun.java.launcher" value="SUN_STANDARD"/>
    <property name="SystemRoot" value="C:\Windows"/>
    <property name="CommonProgramFiles" value="C:\Program Files (x86)\Common Files"/>
    <property name="java.vm.specification.vendor" value="Oracle Corporation"/>
    <property name="file.separator" value="\"/>
    <property name="java.runtime.version" value="1.8.0_121-b13"/>
    <property name="sun.boot.class.path" value="E:\JDK1.8\jre\lib\resources.jar;E:\JDK1.8\jre\lib\rt.jar;E:\JDK1.8\jre\lib\sunrsasign.jar;E:\JDK1.8\jre\lib\jsse.jar;E:\JDK1.8\jre\lib\jce.jar;E:\JDK1.8\jre\lib\charsets.jar;E:\JDK1.8\jre\lib\jfr.jar;E:\JDK1.8\jre\classes"/>
    <property name="ProgramFiles" value="C:\Program Files (x86)"/>
    <property name="user.country" value="CN"/>
    <property name="POM_PACKAGING" value="jar"/>
    <property name="maven.home" value="C:\Users\Administrator\.jenkins\tools\hudson.tasks.Maven_MavenInstallation\maven3.8"/>
    <property name="JOB_BASE_NAME" value="mavenDemo1"/>
    <property name="java.vendor" value="Oracle Corporation"/>
    <property name="POM_DISPLAYNAME" value="Selenium2021_0428"/>
    <property name="java.specification.version" value="1.8"/>
    <property name="sun.arch.data.model" value="32"/>
    <property name="GIT_URL" value="https://github.com/huixu5678/firstDemo.git"/>
  </properties>
  <testcase classname="selenium.GridTest" name="testGrid2" time="22.362"/>
  <testcase classname="selenium.GridTest" name="testGrid2" time="16.005"/>
</testsuite>