<?xml version="1.0" encoding="UTF-8"?>
<!-- Generated by org.testng.reporters.JUnitReportReporter -->
<testsuite hostname="SKY-20190907NGG" name="selenium.GridTest" tests="2" failures="0" timestamp="19 May 2021 14:07:35 GMT" time="38.369" errors="0">
  <testcase name="testGrid2" time="22.361" classname="selenium.GridTest"/>
  <testcase name="testGrid2" time="16.008" classname="selenium.GridTest"/>
</testsuite> <!-- selenium.GridTest -->
